0 info it worked if it ends with ok
1 verbose cli [ 'node', '/usr/local/bin/npm', 'install', '-g', 'bower' ]
2 info using npm@1.2.32
3 info using node@v0.10.12
4 verbose read json /usr/local/lib/package.json
5 verbose read json /usr/local/lib/package.json
6 verbose cache add [ 'bower', null ]
7 verbose cache add name=undefined spec="bower" args=["bower",null]
8 verbose parsed url { protocol: null,
8 verbose parsed url   slashes: null,
8 verbose parsed url   auth: null,
8 verbose parsed url   host: null,
8 verbose parsed url   port: null,
8 verbose parsed url   hostname: null,
8 verbose parsed url   hash: null,
8 verbose parsed url   search: null,
8 verbose parsed url   query: null,
8 verbose parsed url   pathname: 'bower',
8 verbose parsed url   path: 'bower',
8 verbose parsed url   href: 'bower' }
9 silly lockFile 206e3ce5-bower bower
10 verbose lock bower /Users/roneesh/.npm/206e3ce5-bower.lock
11 silly lockFile 206e3ce5-bower bower
12 silly lockFile 206e3ce5-bower bower
13 verbose addNamed [ 'bower', '' ]
14 verbose addNamed [ null, '' ]
15 silly lockFile 1240aab1-bower bower@
16 verbose lock bower@ /Users/roneesh/.npm/1240aab1-bower.lock
17 silly addNameRange { name: 'bower', range: '', hasData: false }
18 verbose url raw bower
19 verbose url resolving [ 'https://registry.npmjs.org/', './bower' ]
20 verbose url resolved https://registry.npmjs.org/bower
21 info trying registry request attempt 1 at 15:23:48
22 verbose etag "AA2SZ9IOPYF3W8TR6T9O0GR65"
23 http GET https://registry.npmjs.org/bower
24 http 200 https://registry.npmjs.org/bower
25 silly registry.get cb [ 200,
25 silly registry.get   { vary: 'Accept',
25 silly registry.get     server: 'CouchDB/1.3.0 (Erlang OTP/R15B03)',
25 silly registry.get     etag: '"5WECBL2IHC5NNS5XFSSPK9X71"',
25 silly registry.get     date: 'Fri, 09 Aug 2013 19:23:50 GMT',
25 silly registry.get     'content-type': 'application/json',
25 silly registry.get     'content-length': '514773' } ]
26 silly addNameRange number 2 { name: 'bower', range: '', hasData: true }
27 silly addNameRange versions [ 'bower',
27 silly addNameRange   [ '0.1.0',
27 silly addNameRange     '0.1.2',
27 silly addNameRange     '0.1.3',
27 silly addNameRange     '0.2.0',
27 silly addNameRange     '0.3.0',
27 silly addNameRange     '0.3.1',
27 silly addNameRange     '0.3.2',
27 silly addNameRange     '0.4.0',
27 silly addNameRange     '0.5.0',
27 silly addNameRange     '0.5.1',
27 silly addNameRange     '0.6.0',
27 silly addNameRange     '0.6.1',
27 silly addNameRange     '0.6.2',
27 silly addNameRange     '0.6.3',
27 silly addNameRange     '0.6.4',
27 silly addNameRange     '0.6.5',
27 silly addNameRange     '0.6.6',
27 silly addNameRange     '0.6.7',
27 silly addNameRange     '0.6.8',
27 silly addNameRange     '0.7.0',
27 silly addNameRange     '0.7.1',
27 silly addNameRange     '0.8.0',
27 silly addNameRange     '0.8.1',
27 silly addNameRange     '0.8.2',
27 silly addNameRange     '0.8.3',
27 silly addNameRange     '0.8.4',
27 silly addNameRange     '0.8.5',
27 silly addNameRange     '0.8.6',
27 silly addNameRange     '0.9.0',
27 silly addNameRange     '0.9.1',
27 silly addNameRange     '0.9.2',
27 silly addNameRange     '0.10.0',
27 silly addNameRange     '1.0.0',
27 silly addNameRange     '1.0.1',
27 silly addNameRange     '1.0.2',
27 silly addNameRange     '1.0.3',
27 silly addNameRange     '1.1.0',
27 silly addNameRange     '1.1.1' ] ]
28 verbose addNamed [ 'bower', '1.1.1' ]
29 verbose addNamed [ '1.1.1', '1.1.1' ]
30 silly lockFile ce19e0fc-bower-1-1-1 bower@1.1.1
31 verbose lock bower@1.1.1 /Users/roneesh/.npm/ce19e0fc-bower-1-1-1.lock
32 silly lockFile 49d7937a--npmjs-org-bower-bower-1-1-1-tgz https://registry.npmjs.org/bower/-/bower-1.1.1.tgz
33 verbose lock https://registry.npmjs.org/bower/-/bower-1.1.1.tgz /Users/roneesh/.npm/49d7937a--npmjs-org-bower-bower-1-1-1-tgz.lock
34 verbose addRemoteTarball [ 'https://registry.npmjs.org/bower/-/bower-1.1.1.tgz',
34 verbose addRemoteTarball   'd3ac38b690c61460a76ebc5ddecd9e5ec8d65b75' ]
35 info retry fetch attempt 1 at 15:23:50
36 verbose fetch to= /var/folders/7k/mxgczvbs2g536j9l1h94g7300000gn/T/npm-13180/1376076230729-0.6903874420095235/tmp.tgz
37 http GET https://registry.npmjs.org/bower/-/bower-1.1.1.tgz
38 http 200 https://registry.npmjs.org/bower/-/bower-1.1.1.tgz
39 verbose tar unpack /var/folders/7k/mxgczvbs2g536j9l1h94g7300000gn/T/npm-13180/1376076230729-0.6903874420095235/tmp.tgz
40 silly lockFile 7c5f4f98-30729-0-6903874420095235-package tar:///var/folders/7k/mxgczvbs2g536j9l1h94g7300000gn/T/npm-13180/1376076230729-0.6903874420095235/package
41 verbose lock tar:///var/folders/7k/mxgczvbs2g536j9l1h94g7300000gn/T/npm-13180/1376076230729-0.6903874420095235/package /Users/roneesh/.npm/7c5f4f98-30729-0-6903874420095235-package.lock
42 silly lockFile 5de8f200-30729-0-6903874420095235-tmp-tgz tar:///var/folders/7k/mxgczvbs2g536j9l1h94g7300000gn/T/npm-13180/1376076230729-0.6903874420095235/tmp.tgz
43 verbose lock tar:///var/folders/7k/mxgczvbs2g536j9l1h94g7300000gn/T/npm-13180/1376076230729-0.6903874420095235/tmp.tgz /Users/roneesh/.npm/5de8f200-30729-0-6903874420095235-tmp-tgz.lock
44 silly gunzTarPerm modes [ '755', '644' ]
45 silly gunzTarPerm extractEntry package.json
46 silly gunzTarPerm extractEntry .npmignore
47 silly gunzTarPerm extractEntry README.md
48 silly gunzTarPerm extractEntry LICENSE
49 silly gunzTarPerm extractEntry Gruntfile.js
50 silly gunzTarPerm extractEntry CONTRIBUTING.md
51 silly gunzTarPerm extractEntry .editorconfig
52 silly gunzTarPerm extractEntry .jshintrc
53 silly gunzTarPerm extractEntry .travis.yml
54 silly gunzTarPerm extractEntry bin/bower
55 silly gunzTarPerm extractEntry lib/config.js
56 silly gunzTarPerm extractEntry lib/index.js
57 silly gunzTarPerm extractEntry lib/commands/update.js
58 silly gunzTarPerm extractEntry lib/commands/index.js
59 silly gunzTarPerm extractEntry lib/commands/info.js
60 silly gunzTarPerm extractEntry lib/commands/init.js
61 silly gunzTarPerm extractEntry lib/commands/install.js
62 silly gunzTarPerm extractEntry lib/commands/home.js
63 silly gunzTarPerm extractEntry lib/commands/list.js
64 silly gunzTarPerm extractEntry lib/commands/lookup.js
65 silly gunzTarPerm extractEntry lib/commands/prune.js
66 silly gunzTarPerm extractEntry lib/commands/register.js
67 silly gunzTarPerm extractEntry lib/commands/search.js
68 silly gunzTarPerm extractEntry lib/commands/help.js
69 silly gunzTarPerm extractEntry lib/commands/uninstall.js
70 silly gunzTarPerm extractEntry lib/commands/completion.js
71 silly gunzTarPerm extractEntry lib/commands/link.js
72 silly gunzTarPerm extractEntry lib/commands/cache/clean.js
73 silly gunzTarPerm extractEntry lib/commands/cache/index.js
74 silly gunzTarPerm extractEntry lib/commands/cache/list.js
75 silly gunzTarPerm extractEntry lib/core/Manager.js
76 silly gunzTarPerm extractEntry lib/core/PackageRepository.js
77 silly gunzTarPerm extractEntry lib/core/Project.js
78 silly gunzTarPerm extractEntry lib/core/ResolveCache.js
79 silly gunzTarPerm extractEntry lib/core/resolverFactory.js
80 silly gunzTarPerm extractEntry lib/core/resolvers/FsResolver.js
81 silly gunzTarPerm extractEntry lib/core/resolvers/GitFsResolver.js
82 silly gunzTarPerm extractEntry lib/core/resolvers/GitHubResolver.js
83 silly gunzTarPerm extractEntry lib/core/resolvers/GitRemoteResolver.js
84 silly gunzTarPerm extractEntry lib/core/resolvers/GitResolver.js
85 silly gunzTarPerm extractEntry lib/core/resolvers/Resolver.js
86 silly gunzTarPerm extractEntry lib/core/resolvers/UrlResolver.js
87 silly gunzTarPerm extractEntry lib/core/resolvers/index.js
88 silly gunzTarPerm extractEntry lib/renderers/JsonRenderer.js
89 silly gunzTarPerm extractEntry lib/renderers/StandardRenderer.js
90 silly gunzTarPerm extractEntry lib/renderers/index.js
91 silly gunzTarPerm extractEntry lib/util/cli.js
92 silly gunzTarPerm extractEntry lib/util/copy.js
93 silly gunzTarPerm extractEntry lib/util/createError.js
94 silly gunzTarPerm extractEntry lib/util/download.js
95 silly gunzTarPerm extractEntry lib/util/extract.js
96 silly gunzTarPerm extractEntry lib/util/cmd.js
97 silly gunzTarPerm extractEntry lib/util/readJson.js
98 silly gunzTarPerm extractEntry lib/util/removeIgnores.js
99 silly gunzTarPerm extractEntry lib/util/rootCheck.js
100 silly gunzTarPerm extractEntry lib/util/template.js
101 silly gunzTarPerm extractEntry lib/util/validLink.js
102 silly gunzTarPerm extractEntry lib/util/md5.js
103 silly gunzTarPerm extractEntry CHANGELOG.md
104 silly gunzTarPerm extractEntry templates/helpers/colors.js
105 silly gunzTarPerm extractEntry templates/helpers/condense.js
106 silly gunzTarPerm extractEntry templates/helpers/indent.js
107 silly gunzTarPerm extractEntry templates/helpers/index.js
108 silly gunzTarPerm extractEntry templates/helpers/rpad.js
109 silly gunzTarPerm extractEntry templates/helpers/sum.js
110 silly gunzTarPerm extractEntry templates/json/help-list.json
111 silly gunzTarPerm extractEntry templates/json/help-cache/clean.json
112 silly gunzTarPerm extractEntry templates/json/help-cache/list.json
113 silly gunzTarPerm extractEntry templates/json/help-home.json
114 silly gunzTarPerm extractEntry templates/json/help-info.json
115 silly gunzTarPerm extractEntry templates/json/help-init.json
116 silly gunzTarPerm extractEntry templates/json/help-install.json
117 silly gunzTarPerm extractEntry templates/json/help-link.json
118 silly gunzTarPerm extractEntry templates/json/help-cache.json
119 silly gunzTarPerm extractEntry templates/json/help-lookup.json
120 silly gunzTarPerm extractEntry templates/json/help-prune.json
121 silly gunzTarPerm extractEntry templates/json/help-register.json
122 silly gunzTarPerm extractEntry templates/json/help-search.json
123 silly gunzTarPerm extractEntry templates/json/help-uninstall.json
124 silly gunzTarPerm extractEntry templates/json/help-update.json
125 silly gunzTarPerm extractEntry templates/json/help.json
126 silly gunzTarPerm extractEntry templates/std/conflict-resolved.std
127 silly gunzTarPerm extractEntry templates/std/conflict.std
128 silly gunzTarPerm extractEntry templates/std/help-cache.std
129 silly gunzTarPerm extractEntry templates/std/help-generic.std
130 silly gunzTarPerm extractEntry templates/std/help.std
131 silly gunzTarPerm extractEntry templates/std/info.std
132 silly gunzTarPerm extractEntry templates/std/lookup.std
133 silly gunzTarPerm extractEntry templates/std/register.std
134 silly gunzTarPerm extractEntry templates/std/search-results.std
135 silly gunzTarPerm extractEntry templates/std/update-notice.std
136 silly gunzTarPerm extractEntry test/packages.js
137 silly gunzTarPerm extractEntry test/test.js
138 silly gunzTarPerm extractEntry test/assets/package-tar.tar.gz
139 silly gunzTarPerm extractEntry test/assets/package-zip-folder-single-file.zip
140 silly gunzTarPerm extractEntry test/assets/package-zip-folder.zip
141 silly gunzTarPerm extractEntry test/assets/package-zip-single-bower-json.zip
142 silly gunzTarPerm extractEntry test/assets/package-zip-single-component-json.zip
143 silly gunzTarPerm extractEntry test/assets/package-zip-single-file.zip
144 silly gunzTarPerm extractEntry test/assets/package-zip.zip
145 silly gunzTarPerm extractEntry test/assets/resolve-cache/list-json-1.json
146 silly gunzTarPerm extractEntry test/assets/test-temp-dir/test-exception.js
147 silly gunzTarPerm extractEntry test/assets/test-temp-dir/test.js
148 silly gunzTarPerm extractEntry test/core/packageRepository.js
149 silly gunzTarPerm extractEntry test/core/resolveCache.js
150 silly gunzTarPerm extractEntry test/core/resolverFactory.js
151 silly gunzTarPerm extractEntry test/core/resolvers/fsResolver.js
152 silly gunzTarPerm extractEntry test/core/resolvers/gitFsResolver.js
153 silly gunzTarPerm extractEntry test/core/resolvers/gitHubResolver.js
154 silly gunzTarPerm extractEntry test/core/resolvers/gitRemoteResolver.js
155 silly gunzTarPerm extractEntry test/core/resolvers/gitResolver.js
156 silly gunzTarPerm extractEntry test/core/resolvers/resolver.js
157 silly gunzTarPerm extractEntry test/core/resolvers/urlResolver.js
158 silly gunzTarPerm extractEntry test/packages.json
159 verbose read json /var/folders/7k/mxgczvbs2g536j9l1h94g7300000gn/T/npm-13180/1376076230729-0.6903874420095235/package/package.json
160 silly lockFile 7c5f4f98-30729-0-6903874420095235-package tar:///var/folders/7k/mxgczvbs2g536j9l1h94g7300000gn/T/npm-13180/1376076230729-0.6903874420095235/package
161 silly lockFile 7c5f4f98-30729-0-6903874420095235-package tar:///var/folders/7k/mxgczvbs2g536j9l1h94g7300000gn/T/npm-13180/1376076230729-0.6903874420095235/package
162 silly lockFile 5de8f200-30729-0-6903874420095235-tmp-tgz tar:///var/folders/7k/mxgczvbs2g536j9l1h94g7300000gn/T/npm-13180/1376076230729-0.6903874420095235/tmp.tgz
163 silly lockFile 5de8f200-30729-0-6903874420095235-tmp-tgz tar:///var/folders/7k/mxgczvbs2g536j9l1h94g7300000gn/T/npm-13180/1376076230729-0.6903874420095235/tmp.tgz
164 verbose from cache /var/folders/7k/mxgczvbs2g536j9l1h94g7300000gn/T/npm-13180/1376076230729-0.6903874420095235/package/package.json
165 verbose tar pack [ '/Users/roneesh/.npm/bower/1.1.1/package.tgz',
165 verbose tar pack   '/var/folders/7k/mxgczvbs2g536j9l1h94g7300000gn/T/npm-13180/1376076230729-0.6903874420095235/package' ]
166 verbose tarball /Users/roneesh/.npm/bower/1.1.1/package.tgz
167 verbose folder /var/folders/7k/mxgczvbs2g536j9l1h94g7300000gn/T/npm-13180/1376076230729-0.6903874420095235/package
168 silly lockFile 7c5f4f98-30729-0-6903874420095235-package tar:///var/folders/7k/mxgczvbs2g536j9l1h94g7300000gn/T/npm-13180/1376076230729-0.6903874420095235/package
169 verbose lock tar:///var/folders/7k/mxgczvbs2g536j9l1h94g7300000gn/T/npm-13180/1376076230729-0.6903874420095235/package /Users/roneesh/.npm/7c5f4f98-30729-0-6903874420095235-package.lock
170 silly lockFile 44a5d87a-eesh-npm-bower-1-1-1-package-tgz tar:///Users/roneesh/.npm/bower/1.1.1/package.tgz
171 verbose lock tar:///Users/roneesh/.npm/bower/1.1.1/package.tgz /Users/roneesh/.npm/44a5d87a-eesh-npm-bower-1-1-1-package-tgz.lock
172 silly lockFile 7c5f4f98-30729-0-6903874420095235-package tar:///var/folders/7k/mxgczvbs2g536j9l1h94g7300000gn/T/npm-13180/1376076230729-0.6903874420095235/package
173 silly lockFile 7c5f4f98-30729-0-6903874420095235-package tar:///var/folders/7k/mxgczvbs2g536j9l1h94g7300000gn/T/npm-13180/1376076230729-0.6903874420095235/package
174 silly lockFile 44a5d87a-eesh-npm-bower-1-1-1-package-tgz tar:///Users/roneesh/.npm/bower/1.1.1/package.tgz
175 silly lockFile 44a5d87a-eesh-npm-bower-1-1-1-package-tgz tar:///Users/roneesh/.npm/bower/1.1.1/package.tgz
176 silly lockFile 3b91106a--roneesh-npm-bower-1-1-1-package /Users/roneesh/.npm/bower/1.1.1/package
177 verbose lock /Users/roneesh/.npm/bower/1.1.1/package /Users/roneesh/.npm/3b91106a--roneesh-npm-bower-1-1-1-package.lock
178 silly lockFile 3b91106a--roneesh-npm-bower-1-1-1-package /Users/roneesh/.npm/bower/1.1.1/package
179 silly lockFile 3b91106a--roneesh-npm-bower-1-1-1-package /Users/roneesh/.npm/bower/1.1.1/package
180 verbose tar unpack /Users/roneesh/.npm/bower/1.1.1/package.tgz
181 silly lockFile c116ba4f--roneesh-npm-bower-1-1-1-package tar:///Users/roneesh/.npm/bower/1.1.1/package
182 verbose lock tar:///Users/roneesh/.npm/bower/1.1.1/package /Users/roneesh/.npm/c116ba4f--roneesh-npm-bower-1-1-1-package.lock
183 silly lockFile 44a5d87a-eesh-npm-bower-1-1-1-package-tgz tar:///Users/roneesh/.npm/bower/1.1.1/package.tgz
184 verbose lock tar:///Users/roneesh/.npm/bower/1.1.1/package.tgz /Users/roneesh/.npm/44a5d87a-eesh-npm-bower-1-1-1-package-tgz.lock
185 silly gunzTarPerm modes [ '755', '644' ]
186 silly gunzTarPerm extractEntry package.json
187 silly gunzTarPerm extractEntry .npmignore
188 silly gunzTarPerm extractEntry README.md
189 silly gunzTarPerm extractEntry LICENSE
190 silly gunzTarPerm extractEntry Gruntfile.js
191 silly gunzTarPerm extractEntry CONTRIBUTING.md
192 silly gunzTarPerm extractEntry .editorconfig
193 silly gunzTarPerm extractEntry .jshintrc
194 silly gunzTarPerm extractEntry .travis.yml
195 silly gunzTarPerm extractEntry bin/bower
196 silly gunzTarPerm extractEntry lib/config.js
197 silly gunzTarPerm extractEntry lib/index.js
198 silly gunzTarPerm extractEntry lib/commands/update.js
199 silly gunzTarPerm extractEntry lib/commands/index.js
200 silly gunzTarPerm extractEntry lib/commands/info.js
201 silly gunzTarPerm extractEntry lib/commands/init.js
202 silly gunzTarPerm extractEntry lib/commands/install.js
203 silly gunzTarPerm extractEntry lib/commands/home.js
204 silly gunzTarPerm extractEntry lib/commands/list.js
205 silly gunzTarPerm extractEntry lib/commands/lookup.js
206 silly gunzTarPerm extractEntry lib/commands/prune.js
207 silly gunzTarPerm extractEntry lib/commands/register.js
208 silly gunzTarPerm extractEntry lib/commands/search.js
209 silly gunzTarPerm extractEntry lib/commands/help.js
210 silly gunzTarPerm extractEntry lib/commands/uninstall.js
211 silly gunzTarPerm extractEntry lib/commands/completion.js
212 silly gunzTarPerm extractEntry lib/commands/link.js
213 silly gunzTarPerm extractEntry lib/commands/cache/clean.js
214 silly gunzTarPerm extractEntry lib/commands/cache/index.js
215 silly gunzTarPerm extractEntry lib/commands/cache/list.js
216 silly gunzTarPerm extractEntry lib/core/Manager.js
217 silly gunzTarPerm extractEntry lib/core/PackageRepository.js
218 silly gunzTarPerm extractEntry lib/core/Project.js
219 silly gunzTarPerm extractEntry lib/core/ResolveCache.js
220 silly gunzTarPerm extractEntry lib/core/resolverFactory.js
221 silly gunzTarPerm extractEntry lib/core/resolvers/FsResolver.js
222 silly gunzTarPerm extractEntry lib/core/resolvers/GitFsResolver.js
223 silly gunzTarPerm extractEntry lib/core/resolvers/GitHubResolver.js
224 silly gunzTarPerm extractEntry lib/core/resolvers/GitRemoteResolver.js
225 silly gunzTarPerm extractEntry lib/core/resolvers/GitResolver.js
226 silly gunzTarPerm extractEntry lib/core/resolvers/Resolver.js
227 silly gunzTarPerm extractEntry lib/core/resolvers/UrlResolver.js
228 silly gunzTarPerm extractEntry lib/core/resolvers/index.js
229 silly gunzTarPerm extractEntry lib/renderers/JsonRenderer.js
230 silly gunzTarPerm extractEntry lib/renderers/StandardRenderer.js
231 silly gunzTarPerm extractEntry lib/renderers/index.js
232 silly gunzTarPerm extractEntry lib/util/cli.js
233 silly gunzTarPerm extractEntry lib/util/copy.js
234 silly gunzTarPerm extractEntry lib/util/createError.js
235 silly gunzTarPerm extractEntry lib/util/download.js
236 silly gunzTarPerm extractEntry lib/util/extract.js
237 silly gunzTarPerm extractEntry lib/util/cmd.js
238 silly gunzTarPerm extractEntry lib/util/readJson.js
239 silly gunzTarPerm extractEntry lib/util/removeIgnores.js
240 silly gunzTarPerm extractEntry lib/util/rootCheck.js
241 silly gunzTarPerm extractEntry lib/util/template.js
242 silly gunzTarPerm extractEntry lib/util/validLink.js
243 silly gunzTarPerm extractEntry lib/util/md5.js
244 silly gunzTarPerm extractEntry CHANGELOG.md
245 silly gunzTarPerm extractEntry templates/helpers/colors.js
246 silly gunzTarPerm extractEntry templates/helpers/condense.js
247 silly gunzTarPerm extractEntry templates/helpers/indent.js
248 silly gunzTarPerm extractEntry templates/helpers/index.js
249 silly gunzTarPerm extractEntry templates/helpers/rpad.js
250 silly gunzTarPerm extractEntry templates/helpers/sum.js
251 silly gunzTarPerm extractEntry templates/json/help-list.json
252 silly gunzTarPerm extractEntry templates/json/help-cache/clean.json
253 silly gunzTarPerm extractEntry templates/json/help-cache/list.json
254 silly gunzTarPerm extractEntry templates/json/help-home.json
255 silly gunzTarPerm extractEntry templates/json/help-info.json
256 silly gunzTarPerm extractEntry templates/json/help-init.json
257 silly gunzTarPerm extractEntry templates/json/help-install.json
258 silly gunzTarPerm extractEntry templates/json/help-link.json
259 silly gunzTarPerm extractEntry templates/json/help-cache.json
260 silly gunzTarPerm extractEntry templates/json/help-lookup.json
261 silly gunzTarPerm extractEntry templates/json/help-prune.json
262 silly gunzTarPerm extractEntry templates/json/help-register.json
263 silly gunzTarPerm extractEntry templates/json/help-search.json
264 silly gunzTarPerm extractEntry templates/json/help-uninstall.json
265 silly gunzTarPerm extractEntry templates/json/help-update.json
266 silly gunzTarPerm extractEntry templates/json/help.json
267 silly gunzTarPerm extractEntry templates/std/conflict-resolved.std
268 silly gunzTarPerm extractEntry templates/std/conflict.std
269 silly gunzTarPerm extractEntry templates/std/help-cache.std
270 silly gunzTarPerm extractEntry templates/std/help-generic.std
271 silly gunzTarPerm extractEntry templates/std/help.std
272 silly gunzTarPerm extractEntry templates/std/info.std
273 silly gunzTarPerm extractEntry templates/std/lookup.std
274 silly gunzTarPerm extractEntry templates/std/register.std
275 silly gunzTarPerm extractEntry templates/std/search-results.std
276 silly gunzTarPerm extractEntry templates/std/update-notice.std
277 silly gunzTarPerm extractEntry test/packages.js
278 silly gunzTarPerm extractEntry test/test.js
279 silly gunzTarPerm extractEntry test/assets/package-tar.tar.gz
280 silly gunzTarPerm extractEntry test/assets/package-zip-folder-single-file.zip
281 silly gunzTarPerm extractEntry test/assets/package-zip-folder.zip
282 silly gunzTarPerm extractEntry test/assets/package-zip-single-bower-json.zip
283 silly gunzTarPerm extractEntry test/assets/package-zip-single-component-json.zip
284 silly gunzTarPerm extractEntry test/assets/package-zip-single-file.zip
285 silly gunzTarPerm extractEntry test/assets/package-zip.zip
286 silly gunzTarPerm extractEntry test/assets/resolve-cache/list-json-1.json
287 silly gunzTarPerm extractEntry test/assets/test-temp-dir/test-exception.js
288 silly gunzTarPerm extractEntry test/assets/test-temp-dir/test.js
289 silly gunzTarPerm extractEntry test/core/packageRepository.js
290 silly gunzTarPerm extractEntry test/core/resolveCache.js
291 silly gunzTarPerm extractEntry test/core/resolverFactory.js
292 silly gunzTarPerm extractEntry test/core/resolvers/fsResolver.js
293 silly gunzTarPerm extractEntry test/core/resolvers/gitFsResolver.js
294 silly gunzTarPerm extractEntry test/core/resolvers/gitHubResolver.js
295 silly gunzTarPerm extractEntry test/core/resolvers/gitRemoteResolver.js
296 silly gunzTarPerm extractEntry test/core/resolvers/gitResolver.js
297 silly gunzTarPerm extractEntry test/core/resolvers/resolver.js
298 silly gunzTarPerm extractEntry test/core/resolvers/urlResolver.js
299 silly gunzTarPerm extractEntry test/packages.json
300 verbose read json /Users/roneesh/.npm/bower/1.1.1/package/package.json
301 silly lockFile c116ba4f--roneesh-npm-bower-1-1-1-package tar:///Users/roneesh/.npm/bower/1.1.1/package
302 silly lockFile c116ba4f--roneesh-npm-bower-1-1-1-package tar:///Users/roneesh/.npm/bower/1.1.1/package
303 silly lockFile 44a5d87a-eesh-npm-bower-1-1-1-package-tgz tar:///Users/roneesh/.npm/bower/1.1.1/package.tgz
304 silly lockFile 44a5d87a-eesh-npm-bower-1-1-1-package-tgz tar:///Users/roneesh/.npm/bower/1.1.1/package.tgz
305 verbose from cache /Users/roneesh/.npm/bower/1.1.1/package/package.json
306 verbose chmod /Users/roneesh/.npm/bower/1.1.1/package.tgz 644
307 verbose chown /Users/roneesh/.npm/bower/1.1.1/package.tgz [ 501, 20 ]
308 silly lockFile 49d7937a--npmjs-org-bower-bower-1-1-1-tgz https://registry.npmjs.org/bower/-/bower-1.1.1.tgz
309 silly lockFile 49d7937a--npmjs-org-bower-bower-1-1-1-tgz https://registry.npmjs.org/bower/-/bower-1.1.1.tgz
310 silly lockFile ce19e0fc-bower-1-1-1 bower@1.1.1
311 silly lockFile ce19e0fc-bower-1-1-1 bower@1.1.1
312 silly lockFile 1240aab1-bower bower@
313 silly lockFile 1240aab1-bower bower@
314 silly resolved [ { name: 'bower',
314 silly resolved     version: '1.1.1',
314 silly resolved     description: 'The browser package manager.',
314 silly resolved     author: { name: 'Twitter' },
314 silly resolved     licenses: [ [Object] ],
314 silly resolved     repository: { type: 'git', url: 'git://github.com/bower/bower.git' },
314 silly resolved     main: 'lib',
314 silly resolved     homepage: 'http://bower.io',
314 silly resolved     engines: { node: '>=0.8.0' },
314 silly resolved     dependencies:
314 silly resolved      { abbrev: '~1.0.4',
314 silly resolved        archy: '0.0.2',
314 silly resolved        'bower-config': '~0.3.0',
314 silly resolved        'bower-endpoint-parser': '~0.2.0',
314 silly resolved        'bower-json': '~0.3.0',
314 silly resolved        'bower-logger': '~0.1.0',
314 silly resolved        'bower-registry-client': '~0.1.2',
314 silly resolved        cardinal: '~0.4.0',
314 silly resolved        chalk: '~0.2.0',
314 silly resolved        chmodr: '~0.1.0',
314 silly resolved        fstream: '~0.1.22',
314 silly resolved        'fstream-ignore': '~0.0.6',
314 silly resolved        glob: '~3.2.1',
314 silly resolved        'graceful-fs': '~2.0.0',
314 silly resolved        handlebars: '~1.0.11',
314 silly resolved        inquirer: '~0.2.2',
314 silly resolved        junk: '~0.2.0',
314 silly resolved        mkdirp: '~0.3.5',
314 silly resolved        mout: '~0.6.0',
314 silly resolved        nopt: '~2.1.1',
314 silly resolved        'lru-cache': '~2.3.0',
314 silly resolved        open: '~0.0.3',
314 silly resolved        promptly: '~0.2.0',
314 silly resolved        q: '~0.9.2',
314 silly resolved        request: '~2.25.0',
314 silly resolved        'request-progress': '~0.2.0',
314 silly resolved        retry: '~0.6.0',
314 silly resolved        rimraf: '~2.2.0',
314 silly resolved        semver: '~2.1.0',
314 silly resolved        'stringify-object': '~0.1.4',
314 silly resolved        'sudo-block': '~0.2.0',
314 silly resolved        tar: '~0.1.17',
314 silly resolved        tmp: '~0.0.20',
314 silly resolved        unzip: '~0.1.7',
314 silly resolved        'update-notifier': '~0.1.3',
314 silly resolved        which: '~1.0.5' },
314 silly resolved     devDependencies:
314 silly resolved      { 'expect.js': '~0.2.0',
314 silly resolved        grunt: '~0.4.1',
314 silly resolved        'grunt-simple-mocha': '~0.4.0',
314 silly resolved        'grunt-contrib-watch': '~0.5.0',
314 silly resolved        'grunt-contrib-jshint': '~0.6.0',
314 silly resolved        'grunt-exec': '~0.4.2',
314 silly resolved        mocha: '~1.12.0',
314 silly resolved        nock: '~0.22.0',
314 silly resolved        istanbul: '~0.1.42',
314 silly resolved        proxyquire: '~0.4.1' },
314 silly resolved     scripts: { test: 'grunt test' },
314 silly resolved     bin: { bower: 'bin/bower' },
314 silly resolved     preferGlobal: true,
314 silly resolved     readme: '# BOWER [![Build Status](https://secure.travis-ci.org/bower/bower.png?branch=master)](http://travis-ci.org/bower/bower)\n\nBower is a package manager for the web. It offers a generic, unopinionated\nsolution to the problem of **front-end package management**, while exposing the\npackage dependency model via an API that can be consumed by a more opinionated\nbuild stack. There are no system wide dependencies, no dependencies are shared\nbetween different apps, and the dependency tree is flat.\n\nBower runs over Git, and is package-agnostic. A packaged component can be made\nup of any type of asset, and use any type of transport (e.g., AMD, CommonJS,\netc.).\n\n[View all packages available through Bower\'s registry](http://sindresorhus.com/bower-components/).\n\n\n## Installing Bower\n\nBower depends on [Node](http://nodejs.org/) and [npm](http://npmjs.org/). It\'s\ninstalled globally using npm:\n\n```\nnpm install -g bower\n```\n\nAlso make sure that [git](http://git-scm.com/) is installed as some bower\npackages require it to be fetched and installed.\n\n\n## Usage\n\nMuch more information is available via `bower help` once it\'s installed. This\nis just enough to get you started.\n\n#### Warning\n\nOn `prezto` or `oh-my-zsh`, do not forget to `alias bower=\'noglob bower\'` or `bower install jquery\\#1.9.1`\n\n#### Running commands with sudo\n\nBower is a user command, there is no need to execute it with superuser permissions.\nHowever, if you still want to run commands with sudo, use `--allow-root` option.\n\n### Installing packages and dependencies\n\nBower offers several ways to install packages:\n\n```bash\n# Using the dependencies listed in the current directory\'s bower.json\nbower install\n# Using a local or remote package\nbower install <package>\n# Using a specific version of a package\nbower install <package>#<version>\n# Using a different name and a specific version of a package\nbower install <name>=<package>#<version>\n```\n\nWhere `<package>` can be any one of the following:\n\n* A name that maps to a package registered with Bower, e.g, `jquery`. ‡\n* A remote Git endpoint, e.g., `git://github.com/someone/some-package.git`. Can be\n  public or private. ‡\n* A local endpoint, i.e., a folder that\'s a Git repository. ‡\n* A shorthand endpoint, e.g., `someone/some-package` (defaults to GitHub). ‡\n* A URL to a file, including `zip` and `tar` files. Its contents will be\n  extracted.\n\n‡ These types of `<package>` might have versions available. You can specify a\n[semver](http://semver.org/) compatible version to fetch a specific release, and lock the\npackage to that version. You can also use ranges to specify a range of versions.\n\nAll package contents are installed in the `bower_components` directory by default.\nYou should **never** directly modify the contents of this directory.\n\nUsing `bower list` will show all the packages that are installed locally.\n\n**N.B.** If you aren\'t authoring a package that is intended to be consumed by\nothers (e.g., you\'re building a web app), you should always check installed\npackages into source control.\n\n### Finding packages\n\nTo search for packages registered with Bower:\n\n```\nbower search [<name>]\n```\n\nUsing just `bower search` will list all packages in the registry.\n\n### Using packages\n\nThe easiest approach is to use Bower statically, just reference the package\'s\ninstalled components manually using a `script` tag:\n\n```html\n<script src="/bower_components/jquery/index.js"></script>\n```\n\nFor more complex projects, you\'ll probably want to concatenate your scripts or\nuse a module loader. Bower is just a package manager, but there are plenty of\nother tools -- such as [Sprockets](https://github.com/sstephenson/sprockets)\nand [RequireJS](http://requirejs.org/) -- that will help you do this.\n\n### Registering packages\n\nTo register a new package:\n\n* There **must** be a valid manifest JSON in the current working directory.\n* Your package should use [semver](http://semver.org/) Git tags.\n* Your package **must** be available at a Git endpoint (e.g., GitHub); remember\n  to push your Git tags!\n\nThen use the following command:\n\n```\nbower register <my-package-name> <git-endpoint>\n```\n\nThe Bower registry does not have authentication or user management at this point\nin time. It\'s on a first come, first served basis. Think of it like a URL\nshortener. Now anyone can run `bower install <my-package-name>`, and get your\nlibrary installed.\n\nThere is no direct way to unregister a package yet. For now, you can [request a\npackage be unregistered](https://github.com/bower/bower/issues/120).\n\n### Uninstalling packages\n\nTo uninstall a locally installed package:\n\n```\nbower uninstall <package-name>\n```\n\n\n## Configuration\n\nBower can be configured using JSON in a `.bowerrc` file.\n\nThe current spec can be read\n[here](https://docs.google.com/document/d/1APq7oA9tNao1UYWyOm8dKqlRP2blVkROYLZ2fLIjtWc/edit#heading=h.4pzytc1f9j8k)\nin the `Configuration` section.\n\n\n## Defining a package\n\nYou must create a `bower.json` in your project\'s root, and specify all of its\ndependencies. This is similar to Node\'s `package.json`, or Ruby\'s `Gemfile`,\nand is useful for locking down a project\'s dependencies.\n\n*NOTE:* In versions of Bower before 0.9.0 the package metadata file was called\n`component.json` rather than `bower.json`. This has changed to avoid a name\nclash with another tool. You can still use `component.json` for now but it is\ndeprecated and the automatic fallback is likely to be removed in an upcoming\nrelease.\n\nYou can interactively create a `bower.json` with the following command:\n\n```\nbower init\n```\n\nThe `bower.json` defines several options:\n\n* `name` (required): The name of your package.\n* `version`: A semantic version number (see [semver](http://semver.org/)).\n* `main` [string|array]: The primary endpoints of your package.\n* `ignore` [array]: An array of paths not needed in production that you want\n  Bower to ignore when installing your package.\n* `dependencies` [hash]: Packages your package depends upon in production.\n* `devDependencies` [hash]: Development dependencies.\n* `private` [boolean]: Set to true if you want to keep the package private and \n  do not want to register the package in future.\n\n```json\n{\n  "name": "my-project",\n  "version": "1.0.0",\n  "main": "path/to/main.css",\n  "ignore": [\n    ".jshintrc",\n    "**/*.txt"\n  ],\n  "dependencies": {\n    "<name>": "<version>",\n    "<name>": "<folder>",\n    "<name>": "<package>"\n  },\n  "devDependencies": {\n    "<test-framework-name>": "<version>"\n  }\n}\n```\n\n\n## Consuming a package\n\nBower also makes available a source mapping. This can be used by build tools to\neasily consume Bower packages.\n\nIf you pass the `--paths` option to Bower\'s `list` command, you will get a\nsimple path-to-name mapping:\n\n```json\n{\n  "backbone": "bower_components/backbone/index.js",\n  "jquery": "bower_components/jquery/index.js",\n  "underscore": "bower_components/underscore/index.js"\n}\n```\n\nAlternatively, every command supports the `--json` option that makes bower\noutput JSON. Command result is outputted to `stdout` and error/logs to\n`stderr`.\n\n\n## Programmatic API\n\nBower provides a powerful, programmatic API. All commands can be accessed\nthrough the `bower.commands` object.\n\n```js\nvar bower = require(\'bower\');\n\nbower.commands\n.install(paths, options)\n.on(\'end\', function (installed) {\n    console.log(installed);\n});\n\nbower.commands\n.search(\'jquery\', {})\n.on(\'end\', function (results) {\n    console.log(results);\n});\n```\n\nCommands emit three types of events: `log`, `end`, and `error`.\n\n* `log` is emitted to report the state/progress of the command.\n* `error` will only be emitted if something goes wrong.\n* `end` is emitted when the command successfully ends.\n\nFor a better of idea how this works, you may want to check out [our bin\nfile](https://github.com/bower/bower/blob/master/bin/bower).\n\n\n## Completion (experimental)\n\n_NOTE_: Completion is still not implemented for the 1.0.0 release\n\nBower now has an experimental `completion` command that is based on, and works\nsimilarly to the [npm completion](https://npmjs.org/doc/completion.html). It is\nnot available for Windows users.\n\nThis command will output a Bash / ZSH script to put into your `~/.bashrc`,\n`~/.bash_profile`, or `~/.zshrc` file.\n\n```\nbower completion >> ~/.bash_profile\n```\n\n\n## A note for Windows users\n\nTo use Bower on Windows, you must install\n[msysgit](http://code.google.com/p/msysgit/) correctly. Be sure to check the\noption shown below:\n\n![msysgit](http://f.cl.ly/items/2V2O3i1p3R2F1r2v0a12/mysgit.png)\n\nNote that if you use TortoiseGit and if Bower keeps asking for your SSH\npassword, you should add the following environment variable: `GIT_SSH -\nC:\\Program Files\\TortoiseGit\\bin\\TortoisePlink.exe`. Adjust the `TortoisePlink`\npath if needed.\n\n\n## Contact\n\nHave a question?\n\n* [StackOverflow](http://stackoverflow.com/questions/tagged/bower)\n* [Mailinglist](http://groups.google.com/group/twitter-bower) - twitter-bower@googlegroups.com\n* [\\#bower](http://webchat.freenode.net/?channels=bower) on Freenode\n\n\n## Contributing to this project\n\nAnyone and everyone is welcome to contribute. Please take a moment to\nreview the [guidelines for contributing](CONTRIBUTING.md).\n\n* [Bug reports](CONTRIBUTING.md#bugs)\n* [Feature requests](CONTRIBUTING.md#features)\n* [Pull requests](CONTRIBUTING.md#pull-requests)\n\n\n## Authors\n\n* [@fat](https://github.com/fat)\n* [@maccman](https://github.com/maccman)\n* [@satazor](https://github.com/satazor)\n\nThanks for assistance and contributions:\n\n[@addyosmani](https://github.com/addyosmani),\n[@angus-c](https://github.com/angus-c),\n[@borismus](https://github.com/borismus),\n[@carsonmcdonald](https://github.com/carsonmcdonald),\n[@chriseppstein](https://github.com/chriseppstein),\n[@danwrong](https://github.com/danwrong),\n[@davidmaxwaterman](https://github.com/davidmaxwaterman),\n[@desandro](https://github.com/desandro),\n[@hemanth](https://github.com/hemanth),\n[@isaacs](https://github.com/isaacs),\n[@josh](https://github.com/josh),\n[@jrburke](https://github.com/jrburke),\n[@marcelombc](https://github.com/marcelombc),\n[@marcooliveira](https://github.com/marcooliveira),\n[@mklabs](https://github.com/mklabs),\n[@necolas](https://github.com/necolas),\n[@paulirish](https://github.com/paulirish),\n[@richo](https://github.com/richo),\n[@rvagg](https://github.com/rvagg),\n[@sindresorhus](https://github.com/sindresorhus),\n[@SlexAxton](https://github.com/SlexAxton),\n[@sstephenson](https://github.com/sstephenson),\n[@svnlto](https://github.com/svnlto),\n[@tomdale](https://github.com/tomdale),\n[@uzquiano](https://github.com/uzquiano),\n[@visionmedia](https://github.com/visionmedia),\n[@wagenet](https://github.com/wagenet),\n[@wibblymat](https://github.com/wibblymat),\n[@wycats](https://github.com/wycats)\n\n\n## License\n\nCopyright 2012 Twitter, Inc.\n\nLicensed under the MIT License\n',
314 silly resolved     readmeFilename: 'README.md',
314 silly resolved     bugs: { url: 'https://github.com/bower/bower/issues' },
314 silly resolved     _id: 'bower@1.1.1',
314 silly resolved     dist: { shasum: 'd3ac38b690c61460a76ebc5ddecd9e5ec8d65b75' },
314 silly resolved     _from: 'bower@',
314 silly resolved     _resolved: 'https://registry.npmjs.org/bower/-/bower-1.1.1.tgz' } ]
315 info install bower@1.1.1 into /usr/local/lib
316 info installOne bower@1.1.1
317 verbose from cache /Users/roneesh/.npm/bower/1.1.1/package/package.json
318 info /usr/local/lib/node_modules/bower unbuild
319 verbose read json /usr/local/lib/node_modules/bower/package.json
320 verbose tar unpack /Users/roneesh/.npm/bower/1.1.1/package.tgz
321 silly lockFile 1396471b-usr-local-lib-node-modules-bower tar:///usr/local/lib/node_modules/bower
322 verbose lock tar:///usr/local/lib/node_modules/bower /Users/roneesh/.npm/1396471b-usr-local-lib-node-modules-bower.lock
323 silly lockFile 44a5d87a-eesh-npm-bower-1-1-1-package-tgz tar:///Users/roneesh/.npm/bower/1.1.1/package.tgz
324 verbose lock tar:///Users/roneesh/.npm/bower/1.1.1/package.tgz /Users/roneesh/.npm/44a5d87a-eesh-npm-bower-1-1-1-package-tgz.lock
325 silly gunzTarPerm modes [ '755', '644' ]
326 error Error: EACCES, mkdir '/usr/local/lib/node_modules/bower'
326 error  { [Error: EACCES, mkdir '/usr/local/lib/node_modules/bower']
326 error   errno: 3,
326 error   code: 'EACCES',
326 error   path: '/usr/local/lib/node_modules/bower',
326 error   fstream_type: 'Directory',
326 error   fstream_path: '/usr/local/lib/node_modules/bower',
326 error   fstream_class: 'DirWriter',
326 error   fstream_stack:
326 error    [ '/usr/local/lib/node_modules/npm/node_modules/fstream/lib/dir-writer.js:36:23',
326 error      '/usr/local/lib/node_modules/npm/node_modules/mkdirp/index.js:37:53',
326 error      'Object.oncomplete (fs.js:107:15)' ] }
327 error Please try running this command again as root/Administrator.
328 error System Darwin 12.4.0
329 error command "node" "/usr/local/bin/npm" "install" "-g" "bower"
330 error cwd /Users/roneesh/Documents/Programming/novi-splash
331 error node -v v0.10.12
332 error npm -v 1.2.32
333 error path /usr/local/lib/node_modules/bower
334 error fstream_path /usr/local/lib/node_modules/bower
335 error fstream_type Directory
336 error fstream_class DirWriter
337 error code EACCES
338 error errno 3
339 error stack Error: EACCES, mkdir '/usr/local/lib/node_modules/bower'
340 error fstream_stack /usr/local/lib/node_modules/npm/node_modules/fstream/lib/dir-writer.js:36:23
340 error fstream_stack /usr/local/lib/node_modules/npm/node_modules/mkdirp/index.js:37:53
340 error fstream_stack Object.oncomplete (fs.js:107:15)
341 verbose exit [ 3, true ]
